android/app/build/intermediates/manifest_merge_blame_file/release/manifest-merger-blame-release-report.txt
1<?xml version="1.0" encoding="utf-8"?>
2<manifest xmlns:android="http://schemas.android.com/apk/res/android"
3    package="com.awesomeproject"
4    android:versionCode="1"
5    android:versionName="1.0" >
6
7    <uses-sdk
8        android:minSdkVersion="21"
8-->src/main/AndroidManifest.xml
9        android:targetSdkVersion="31" />
9-->src/main/AndroidManifest.xml
10
11    <uses-permission android:name="android.permission.INTERNET" />
11-->src/main/AndroidManifest.xml:4:5-67
11-->src/main/AndroidManifest.xml:4:22-64
12    <uses-permission android:name="android.permission.WAKE_LOCK" />
12-->[:react-native-firebase_auth] AndroidManifest.xml:10:5-68
12-->[:react-native-firebase_auth] AndroidManifest.xml:10:22-65
13    <uses-permission android:name="android.permission.ACCESS_NETWORK_STATE" />
13-->[:react-native-firebase_auth] AndroidManifest.xml:11:5-79
13-->[:react-native-firebase_auth] AndroidManifest.xml:11:22-76
14    <uses-permission android:name="android.permission.POST_NOTIFICATIONS" /> <!-- Required by older versions of Google Play services to create IID tokens -->
14-->[com.google.firebase:firebase-messaging:23.1.1] AndroidManifest.xml:25:5-77
14-->[com.google.firebase:firebase-messaging:23.1.1] AndroidManifest.xml:25:22-74
15    <uses-permission android:name="com.google.android.c2dm.permission.RECEIVE" />
15-->[com.google.firebase:firebase-messaging:23.1.1] AndroidManifest.xml:28:5-82
15-->[com.google.firebase:firebase-messaging:23.1.1] AndroidManifest.xml:28:22-79
16
17    <application
17-->src/main/AndroidManifest.xml:6:5-24:19
18        android:name="com.awesomeproject.MainApplication"
18-->src/main/AndroidManifest.xml:7:7-38
19        android:allowBackup="false"
19-->src/main/AndroidManifest.xml:10:7-34
20        android:appComponentFactory="androidx.core.app.CoreComponentFactory"
20-->[androidx.core:core:1.7.0] AndroidManifest.xml:24:18-86
21        android:icon="@mipmap/ic_launcher"
21-->src/main/AndroidManifest.xml:9:7-41
22        android:label="@string/app_name"
22-->src/main/AndroidManifest.xml:8:7-39
23        android:theme="@style/AppTheme" >
23-->src/main/AndroidManifest.xml:11:7-38
24        <activity
24-->src/main/AndroidManifest.xml:12:7-23:18
25            android:name="com.awesomeproject.MainActivity"
25-->src/main/AndroidManifest.xml:13:9-37
26            android:configChanges="keyboard|keyboardHidden|orientation|screenLayout|screenSize|smallestScreenSize|uiMode"
26-->src/main/AndroidManifest.xml:15:9-118
27            android:exported="true"
27-->src/main/AndroidManifest.xml:18:9-32
28            android:label="@string/app_name"
28-->src/main/AndroidManifest.xml:14:9-41
29            android:launchMode="singleTask"
29-->src/main/AndroidManifest.xml:16:9-40
30            android:windowSoftInputMode="adjustResize" >
30-->src/main/AndroidManifest.xml:17:9-51
31            <intent-filter>
31-->src/main/AndroidManifest.xml:19:9-22:25
32                <action android:name="android.intent.action.MAIN" />
32-->src/main/AndroidManifest.xml:20:13-65
32-->src/main/AndroidManifest.xml:20:21-62
33
34                <category android:name="android.intent.category.LAUNCHER" />
34-->src/main/AndroidManifest.xml:21:13-73
34-->src/main/AndroidManifest.xml:21:23-70
35            </intent-filter>
36        </activity>
37
38        <service
38-->[:react-native-firebase_messaging] AndroidManifest.xml:14:9-16:40
39            android:name="io.invertase.firebase.messaging.ReactNativeFirebaseMessagingHeadlessService"
39-->[:react-native-firebase_messaging] AndroidManifest.xml:15:13-103
40            android:exported="false" />
40-->[:react-native-firebase_messaging] AndroidManifest.xml:16:13-37
41        <service
41-->[:react-native-firebase_messaging] AndroidManifest.xml:17:9-23:19
42            android:name="io.invertase.firebase.messaging.ReactNativeFirebaseMessagingService"
42-->[:react-native-firebase_messaging] AndroidManifest.xml:18:13-95
43            android:exported="false" >
43-->[:react-native-firebase_messaging] AndroidManifest.xml:19:13-37
44            <intent-filter>
44-->[:react-native-firebase_messaging] AndroidManifest.xml:20:13-22:29
45                <action android:name="com.google.firebase.MESSAGING_EVENT" />
45-->[:react-native-firebase_messaging] AndroidManifest.xml:21:17-78
45-->[:react-native-firebase_messaging] AndroidManifest.xml:21:25-75
46            </intent-filter>
47        </service>
48
49        <receiver
49-->[:react-native-firebase_messaging] AndroidManifest.xml:25:9-32:20
50            android:name="io.invertase.firebase.messaging.ReactNativeFirebaseMessagingReceiver"
50-->[:react-native-firebase_messaging] AndroidManifest.xml:26:13-96
51            android:exported="true"
51-->[:react-native-firebase_messaging] AndroidManifest.xml:27:13-36
52            android:permission="com.google.android.c2dm.permission.SEND" >
52-->[:react-native-firebase_messaging] AndroidManifest.xml:28:13-73
53            <intent-filter>
53-->[:react-native-firebase_messaging] AndroidManifest.xml:29:13-31:29
54                <action android:name="com.google.android.c2dm.intent.RECEIVE" />
54-->[:react-native-firebase_messaging] AndroidManifest.xml:30:17-81
54-->[:react-native-firebase_messaging] AndroidManifest.xml:30:25-78
55            </intent-filter>
56        </receiver>
57
58        <meta-data
58-->[:react-native-firebase_messaging] AndroidManifest.xml:34:9-36:36
59            android:name="firebase_messaging_auto_init_enabled"
59-->[:react-native-firebase_messaging] AndroidManifest.xml:35:13-64
60            android:value="true" />
60-->[:react-native-firebase_messaging] AndroidManifest.xml:36:13-33
61        <meta-data
61-->[:react-native-firebase_messaging] AndroidManifest.xml:37:9-39:32
62            android:name="com.google.firebase.messaging.default_notification_channel_id"
62-->[:react-native-firebase_messaging] AndroidManifest.xml:38:13-89
63            android:value="" />
63-->[:react-native-firebase_messaging] AndroidManifest.xml:39:13-29
64        <meta-data
64-->[:react-native-firebase_messaging] AndroidManifest.xml:40:9-42:47
65            android:name="com.google.firebase.messaging.default_notification_color"
65-->[:react-native-firebase_messaging] AndroidManifest.xml:41:13-84
66            android:resource="@color/white" />
66-->[:react-native-firebase_messaging] AndroidManifest.xml:42:13-44
67        <meta-data
67-->[:react-native-firebase_app] AndroidManifest.xml:11:9-13:36
68            android:name="app_data_collection_default_enabled"
68-->[:react-native-firebase_app] AndroidManifest.xml:12:13-63
69            android:value="true" />
69-->[:react-native-firebase_app] AndroidManifest.xml:13:13-33
70
71        <service
71-->[:react-native-firebase_app] AndroidManifest.xml:15:9-23:19
72            android:name="com.google.firebase.components.ComponentDiscoveryService"
72-->[:react-native-firebase_app] AndroidManifest.xml:16:13-84
73            android:directBootAware="true"
73-->[:react-native-firebase_app] AndroidManifest.xml:17:13-43
74            android:exported="false" >
74-->[:react-native-firebase_app] AndroidManifest.xml:18:13-37
75            <meta-data
75-->[:react-native-firebase_app] AndroidManifest.xml:20:13-22:85
76                android:name="com.google.firebase.components:io.invertase.firebase.app.ReactNativeFirebaseAppRegistrar"
76-->[:react-native-firebase_app] AndroidManifest.xml:21:17-120
77                android:value="com.google.firebase.components.ComponentRegistrar" />
77-->[:react-native-firebase_app] AndroidManifest.xml:22:17-82
78            <meta-data
78-->[com.google.firebase:firebase-messaging:23.1.1] AndroidManifest.xml:55:13-57:85
79                android:name="com.google.firebase.components:com.google.firebase.messaging.FirebaseMessagingRegistrar"
79-->[com.google.firebase:firebase-messaging:23.1.1] AndroidManifest.xml:56:17-119
80                android:value="com.google.firebase.components.ComponentRegistrar" />
80-->[com.google.firebase:firebase-messaging:23.1.1] AndroidManifest.xml:57:17-82
81            <meta-data
81-->[com.google.firebase:firebase-datatransport:18.1.7] AndroidManifest.xml:27:13-29:85
82                android:name="com.google.firebase.components:com.google.firebase.datatransport.TransportRegistrar"
82-->[com.google.firebase:firebase-datatransport:18.1.7] AndroidManifest.xml:28:17-115
83                android:value="com.google.firebase.components.ComponentRegistrar" />
83-->[com.google.firebase:firebase-datatransport:18.1.7] AndroidManifest.xml:29:17-82
84            <meta-data
84-->[com.google.firebase:firebase-auth:21.1.0] AndroidManifest.xml:67:13-69:85
85                android:name="com.google.firebase.components:com.google.firebase.auth.FirebaseAuthRegistrar"
85-->[com.google.firebase:firebase-auth:21.1.0] AndroidManifest.xml:68:17-109
86                android:value="com.google.firebase.components.ComponentRegistrar" />
86-->[com.google.firebase:firebase-auth:21.1.0] AndroidManifest.xml:69:17-82
87            <meta-data
87-->[com.google.firebase:firebase-installations:17.1.2] AndroidManifest.xml:17:13-19:85
88                android:name="com.google.firebase.components:com.google.firebase.installations.FirebaseInstallationsRegistrar"
88-->[com.google.firebase:firebase-installations:17.1.2] AndroidManifest.xml:18:17-127
89                android:value="com.google.firebase.components.ComponentRegistrar" />
89-->[com.google.firebase:firebase-installations:17.1.2] AndroidManifest.xml:19:17-82
90        </service>
91
92        <provider
92-->[:react-native-firebase_app] AndroidManifest.xml:25:9-29:38
93            android:name="io.invertase.firebase.app.ReactNativeFirebaseAppInitProvider"
93-->[:react-native-firebase_app] AndroidManifest.xml:26:13-88
94            android:authorities="com.awesomeproject.reactnativefirebaseappinitprovider"
94-->[:react-native-firebase_app] AndroidManifest.xml:27:13-86
95            android:exported="false"
95-->[:react-native-firebase_app] AndroidManifest.xml:28:13-37
96            android:initOrder="99" />
96-->[:react-native-firebase_app] AndroidManifest.xml:29:13-35
97
98        <receiver
98-->[com.google.firebase:firebase-messaging:23.1.1] AndroidManifest.xml:31:9-38:20
99            android:name="com.google.firebase.iid.FirebaseInstanceIdReceiver"
99-->[com.google.firebase:firebase-messaging:23.1.1] AndroidManifest.xml:32:13-78
100            android:exported="true"
100-->[com.google.firebase:firebase-messaging:23.1.1] AndroidManifest.xml:33:13-36
101            android:permission="com.google.android.c2dm.permission.SEND" >
101-->[com.google.firebase:firebase-messaging:23.1.1] AndroidManifest.xml:34:13-73
102            <intent-filter>
102-->[:react-native-firebase_messaging] AndroidManifest.xml:29:13-31:29
103                <action android:name="com.google.android.c2dm.intent.RECEIVE" />
103-->[:react-native-firebase_messaging] AndroidManifest.xml:30:17-81
103-->[:react-native-firebase_messaging] AndroidManifest.xml:30:25-78
104            </intent-filter>
105        </receiver>
106        <!--
107             FirebaseMessagingService performs security checks at runtime,
108             but set to not exported to explicitly avoid allowing another app to call it.
109        -->
110        <service
110-->[com.google.firebase:firebase-messaging:23.1.1] AndroidManifest.xml:44:9-51:19
111            android:name="com.google.firebase.messaging.FirebaseMessagingService"
111-->[com.google.firebase:firebase-messaging:23.1.1] AndroidManifest.xml:45:13-82
112            android:directBootAware="true"
112-->[com.google.firebase:firebase-messaging:23.1.1] AndroidManifest.xml:46:13-43
113            android:exported="false" >
113-->[com.google.firebase:firebase-messaging:23.1.1] AndroidManifest.xml:47:13-37
114            <intent-filter android:priority="-500" >
114-->[:react-native-firebase_messaging] AndroidManifest.xml:20:13-22:29
115                <action android:name="com.google.firebase.MESSAGING_EVENT" />
115-->[:react-native-firebase_messaging] AndroidManifest.xml:21:17-78
115-->[:react-native-firebase_messaging] AndroidManifest.xml:21:25-75
116            </intent-filter>
117        </service>
118        <service
118-->[com.google.android.datatransport:transport-backend-cct:3.1.8] AndroidManifest.xml:28:9-34:19
119            android:name="com.google.android.datatransport.runtime.backends.TransportBackendDiscovery"
119-->[com.google.android.datatransport:transport-backend-cct:3.1.8] AndroidManifest.xml:29:13-103
120            android:exported="false" >
120-->[com.google.android.datatransport:transport-backend-cct:3.1.8] AndroidManifest.xml:30:13-37
121            <meta-data
121-->[com.google.android.datatransport:transport-backend-cct:3.1.8] AndroidManifest.xml:31:13-33:39
122                android:name="backend:com.google.android.datatransport.cct.CctBackendFactory"
122-->[com.google.android.datatransport:transport-backend-cct:3.1.8] AndroidManifest.xml:32:17-94
123                android:value="cct" />
123-->[com.google.android.datatransport:transport-backend-cct:3.1.8] AndroidManifest.xml:33:17-36
124        </service>
125        <service
125-->[com.google.android.datatransport:transport-runtime:3.1.8] AndroidManifest.xml:26:9-30:19
126            android:name="com.google.android.datatransport.runtime.scheduling.jobscheduling.JobInfoSchedulerService"
126-->[com.google.android.datatransport:transport-runtime:3.1.8] AndroidManifest.xml:27:13-117
127            android:exported="false"
127-->[com.google.android.datatransport:transport-runtime:3.1.8] AndroidManifest.xml:28:13-37
128            android:permission="android.permission.BIND_JOB_SERVICE" >
128-->[com.google.android.datatransport:transport-runtime:3.1.8] AndroidManifest.xml:29:13-69
129        </service>
130
131        <receiver
131-->[com.google.android.datatransport:transport-runtime:3.1.8] AndroidManifest.xml:32:9-34:40
132            android:name="com.google.android.datatransport.runtime.scheduling.jobscheduling.AlarmManagerSchedulerBroadcastReceiver"
132-->[com.google.android.datatransport:transport-runtime:3.1.8] AndroidManifest.xml:33:13-132
133            android:exported="false" />
133-->[com.google.android.datatransport:transport-runtime:3.1.8] AndroidManifest.xml:34:13-37
134
135        <activity
135-->[com.google.firebase:firebase-auth:21.1.0] AndroidManifest.xml:27:9-44:20
136            android:name="com.google.firebase.auth.internal.GenericIdpActivity"
136-->[com.google.firebase:firebase-auth:21.1.0] AndroidManifest.xml:28:13-80
137            android:excludeFromRecents="true"
137-->[com.google.firebase:firebase-auth:21.1.0] AndroidManifest.xml:29:13-46
138            android:exported="true"
138-->[com.google.firebase:firebase-auth:21.1.0] AndroidManifest.xml:30:13-36
139            android:launchMode="singleTask"
139-->[com.google.firebase:firebase-auth:21.1.0] AndroidManifest.xml:31:13-44
140            android:theme="@android:style/Theme.Translucent.NoTitleBar" >
140-->[com.google.firebase:firebase-auth:21.1.0] AndroidManifest.xml:32:13-72
141            <intent-filter>
141-->[com.google.firebase:firebase-auth:21.1.0] AndroidManifest.xml:33:13-43:29
142                <action android:name="android.intent.action.VIEW" />
142-->[com.google.firebase:firebase-auth:21.1.0] AndroidManifest.xml:34:17-69
142-->[com.google.firebase:firebase-auth:21.1.0] AndroidManifest.xml:34:25-66
143
144                <category android:name="android.intent.category.DEFAULT" />
144-->[com.google.firebase:firebase-auth:21.1.0] AndroidManifest.xml:36:17-76
144-->[com.google.firebase:firebase-auth:21.1.0] AndroidManifest.xml:36:27-73
145                <category android:name="android.intent.category.BROWSABLE" />
145-->[com.google.firebase:firebase-auth:21.1.0] AndroidManifest.xml:37:17-78
145-->[com.google.firebase:firebase-auth:21.1.0] AndroidManifest.xml:37:27-75
146
147                <data
147-->[com.google.firebase:firebase-auth:21.1.0] AndroidManifest.xml:39:17-42:51
148                    android:host="firebase.auth"
148-->[com.google.firebase:firebase-auth:21.1.0] AndroidManifest.xml:40:21-49
149                    android:path="/"
149-->[com.google.firebase:firebase-auth:21.1.0] AndroidManifest.xml:41:21-37
150                    android:scheme="genericidp" />
150-->[com.google.firebase:firebase-auth:21.1.0] AndroidManifest.xml:42:21-48
151            </intent-filter>
152        </activity>
153        <activity
153-->[com.google.firebase:firebase-auth:21.1.0] AndroidManifest.xml:45:9-62:20
154            android:name="com.google.firebase.auth.internal.RecaptchaActivity"
154-->[com.google.firebase:firebase-auth:21.1.0] AndroidManifest.xml:46:13-79
155            android:excludeFromRecents="true"
155-->[com.google.firebase:firebase-auth:21.1.0] AndroidManifest.xml:47:13-46
156            android:exported="true"
156-->[com.google.firebase:firebase-auth:21.1.0] AndroidManifest.xml:48:13-36
157            android:launchMode="singleTask"
157-->[com.google.firebase:firebase-auth:21.1.0] AndroidManifest.xml:49:13-44
158            android:theme="@android:style/Theme.Translucent.NoTitleBar" >
158-->[com.google.firebase:firebase-auth:21.1.0] AndroidManifest.xml:50:13-72
159            <intent-filter>
159-->[com.google.firebase:firebase-auth:21.1.0] AndroidManifest.xml:51:13-61:29
160                <action android:name="android.intent.action.VIEW" />
160-->[com.google.firebase:firebase-auth:21.1.0] AndroidManifest.xml:34:17-69
160-->[com.google.firebase:firebase-auth:21.1.0] AndroidManifest.xml:34:25-66
161
162                <category android:name="android.intent.category.DEFAULT" />
162-->[com.google.firebase:firebase-auth:21.1.0] AndroidManifest.xml:36:17-76
162-->[com.google.firebase:firebase-auth:21.1.0] AndroidManifest.xml:36:27-73
163                <category android:name="android.intent.category.BROWSABLE" />
163-->[com.google.firebase:firebase-auth:21.1.0] AndroidManifest.xml:37:17-78
163-->[com.google.firebase:firebase-auth:21.1.0] AndroidManifest.xml:37:27-75
164
165                <data
165-->[com.google.firebase:firebase-auth:21.1.0] AndroidManifest.xml:39:17-42:51
166                    android:host="firebase.auth"
166-->[com.google.firebase:firebase-auth:21.1.0] AndroidManifest.xml:40:21-49
167                    android:path="/"
167-->[com.google.firebase:firebase-auth:21.1.0] AndroidManifest.xml:41:21-37
168                    android:scheme="recaptcha" />
168-->[com.google.firebase:firebase-auth:21.1.0] AndroidManifest.xml:42:21-48
169            </intent-filter>
170        </activity>
171
172        <provider
172-->[com.google.firebase:firebase-common:20.3.0] AndroidManifest.xml:25:9-30:39
173            android:name="com.google.firebase.provider.FirebaseInitProvider"
173-->[com.google.firebase:firebase-common:20.3.0] AndroidManifest.xml:26:13-77
174            android:authorities="com.awesomeproject.firebaseinitprovider"
174-->[com.google.firebase:firebase-common:20.3.0] AndroidManifest.xml:27:13-72
175            android:directBootAware="true"
175-->[com.google.firebase:firebase-common:20.3.0] AndroidManifest.xml:28:13-43
176            android:exported="false"
176-->[com.google.firebase:firebase-common:20.3.0] AndroidManifest.xml:29:13-37
177            android:initOrder="100" />
177-->[com.google.firebase:firebase-common:20.3.0] AndroidManifest.xml:30:13-36
178
179        <activity
179-->[com.google.android.gms:play-services-auth:20.3.0] AndroidManifest.xml:23:9-27:75
180            android:name="com.google.android.gms.auth.api.signin.internal.SignInHubActivity"
180-->[com.google.android.gms:play-services-auth:20.3.0] AndroidManifest.xml:24:13-93
181            android:excludeFromRecents="true"
181-->[com.google.android.gms:play-services-auth:20.3.0] AndroidManifest.xml:25:13-46
182            android:exported="false"
182-->[com.google.android.gms:play-services-auth:20.3.0] AndroidManifest.xml:26:13-37
183            android:theme="@android:style/Theme.Translucent.NoTitleBar" />
183-->[com.google.android.gms:play-services-auth:20.3.0] AndroidManifest.xml:27:13-72
184        <!--
185            Service handling Google Sign-In user revocation. For apps that do not integrate with
186            Google Sign-In, this service will never be started.
187        -->
188        <service
188-->[com.google.android.gms:play-services-auth:20.3.0] AndroidManifest.xml:33:9-37:51
189            android:name="com.google.android.gms.auth.api.signin.RevocationBoundService"
189-->[com.google.android.gms:play-services-auth:20.3.0] AndroidManifest.xml:34:13-89
190            android:exported="true"
190-->[com.google.android.gms:play-services-auth:20.3.0] AndroidManifest.xml:35:13-36
191            android:permission="com.google.android.gms.auth.api.signin.permission.REVOCATION_NOTIFICATION"
191-->[com.google.android.gms:play-services-auth:20.3.0] AndroidManifest.xml:36:13-107
192            android:visibleToInstantApps="true" />
192-->[com.google.android.gms:play-services-auth:20.3.0] AndroidManifest.xml:37:13-48
193
194        <activity
194-->[com.google.android.gms:play-services-base:18.0.1] AndroidManifest.xml:20:9-22:45
195            android:name="com.google.android.gms.common.api.GoogleApiActivity"
195-->[com.google.android.gms:play-services-base:18.0.1] AndroidManifest.xml:20:19-85
196            android:exported="false"
196-->[com.google.android.gms:play-services-base:18.0.1] AndroidManifest.xml:22:19-43
197            android:theme="@android:style/Theme.Translucent.NoTitleBar" />
197-->[com.google.android.gms:play-services-base:18.0.1] AndroidManifest.xml:21:19-78
198
199        <meta-data
199-->[com.google.android.gms:play-services-basement:18.1.0] AndroidManifest.xml:21:9-23:69
200            android:name="com.google.android.gms.version"
200-->[com.google.android.gms:play-services-basement:18.1.0] AndroidManifest.xml:22:13-58
201            android:value="@integer/google_play_services_version" />
201-->[com.google.android.gms:play-services-basement:18.1.0] AndroidManifest.xml:23:13-66
202
203        <provider
203-->[androidx.emoji2:emoji2:1.0.0] AndroidManifest.xml:26:9-34:20
204            android:name="androidx.startup.InitializationProvider"
204-->[androidx.emoji2:emoji2:1.0.0] AndroidManifest.xml:27:13-67
205            android:authorities="com.awesomeproject.androidx-startup"
205-->[androidx.emoji2:emoji2:1.0.0] AndroidManifest.xml:28:13-68
206            android:exported="false" >
206-->[androidx.emoji2:emoji2:1.0.0] AndroidManifest.xml:29:13-37
207            <meta-data
207-->[androidx.emoji2:emoji2:1.0.0] AndroidManifest.xml:31:13-33:52
208                android:name="androidx.emoji2.text.EmojiCompatInitializer"
208-->[androidx.emoji2:emoji2:1.0.0] AndroidManifest.xml:32:17-75
209                android:value="androidx.startup" />
209-->[androidx.emoji2:emoji2:1.0.0] AndroidManifest.xml:33:17-49
210            <meta-data
210-->[androidx.lifecycle:lifecycle-process:2.4.0] AndroidManifest.xml:31:13-33:52
211                android:name="androidx.lifecycle.ProcessLifecycleInitializer"
211-->[androidx.lifecycle:lifecycle-process:2.4.0] AndroidManifest.xml:32:17-78
212                android:value="androidx.startup" />
212-->[androidx.lifecycle:lifecycle-process:2.4.0] AndroidManifest.xml:33:17-49
213        </provider>
214    </application>
215
216</manifest>